{
  "stats": {
    "suites": 1,
    "tests": 2,
    "passes": 1,
    "pending": 1,
    "failures": 0,
    "start": "2019-07-16T06:03:25.910Z",
    "end": "2019-07-16T06:03:26.830Z",
    "duration": 920,
    "testsRegistered": 2,
    "passPercent": 100,
    "pendingPercent": 50,
    "other": 0,
    "hasOther": false,
    "skipped": 0,
    "hasSkipped": false
  },
  "results": [
    {
      "uuid": "a20c08d6-decd-487a-a51a-906d6f970dcb",
      "title": "",
      "fullFile": "",
      "file": "",
      "beforeHooks": [],
      "afterHooks": [],
      "tests": [],
      "suites": [
        {
          "uuid": "e47b0cd5-cd8d-4e9f-98a2-08e80d86c1e5",
          "title": "UI Test",
          "fullFile": "",
          "file": "",
          "beforeHooks": [],
          "afterHooks": [],
          "tests": [
            {
              "title": "should display new-todo input field",
              "fullTitle": "UI Test should display new-todo input field",
              "timedOut": null,
              "duration": 383,
              "state": "passed",
              "speed": "slow",
              "pass": true,
              "fail": false,
              "pending": false,
              "context": null,
              "code": "cy.get('[data-at=\"new-todo\"]').should('be.visible');",
              "err": {},
              "uuid": "5b2801ee-f838-4cc4-af21-3443c9745619",
              "parentUUID": "e47b0cd5-cd8d-4e9f-98a2-08e80d86c1e5",
              "isHook": false,
              "skipped": false
            },
            {
              "title": "should be skipped",
              "fullTitle": "UI Test should be skipped",
              "timedOut": null,
              "duration": 0,
              "state": "pending",
              "speed": null,
              "pass": false,
              "fail": false,
              "pending": true,
              "context": null,
              "code": "",
              "err": {},
              "uuid": "d3c8ab01-5f8d-46f1-b9c9-41a5ffec5ecd",
              "parentUUID": "e47b0cd5-cd8d-4e9f-98a2-08e80d86c1e5",
              "isHook": false,
              "skipped": false
            }
          ],
          "suites": [],
          "passes": [
            "5b2801ee-f838-4cc4-af21-3443c9745619"
          ],
          "failures": [],
          "pending": [
            "d3c8ab01-5f8d-46f1-b9c9-41a5ffec5ecd"
          ],
          "skipped": [],
          "duration": 383,
          "root": false,
          "rootEmpty": false,
          "_timeout": 2000
        }
      ],
      "passes": [],
      "failures": [],
      "pending": [],
      "skipped": [],
      "duration": 0,
      "root": true,
      "rootEmpty": true,
      "_timeout": 2000
    }
  ],
  "meta": {
    "mocha": {
      "version": "5.2.0"
    },
    "mochawesome": {
      "options": {
        "quiet": false,
        "reportFilename": "mochawesome",
        "saveHtml": false,
        "saveJson": true,
        "useInlineDiffs": false
      },
      "version": "4.0.1"
    },
    "marge": {
      "options": {
        "reportDir": "cypress/report/mochawesome-report",
        "overwrite": false,
        "html": false,
        "json": true,
        "timestamp": "mmddyyyy_HHMMss"
      },
      "version": "4.0.1"
    }
  }
}