{
  "stats": {
    "suites": 1,
    "tests": 3,
    "passes": 2,
    "pending": 0,
    "failures": 1,
    "start": "2019-07-16T06:03:16.993Z",
    "end": "2019-07-16T06:03:23.668Z",
    "duration": 6675,
    "testsRegistered": 3,
    "passPercent": 66.66666666666666,
    "pendingPercent": 0,
    "other": 0,
    "hasOther": false,
    "skipped": 0,
    "hasSkipped": false
  },
  "results": [
    {
      "uuid": "303eaa5b-d382-4fc0-b13f-c43fd0054836",
      "title": "",
      "fullFile": "",
      "file": "",
      "beforeHooks": [],
      "afterHooks": [],
      "tests": [],
      "suites": [
        {
          "uuid": "1de2d8ba-0f6e-43d6-8815-8ca40266a619",
          "title": "Add Todo",
          "fullFile": "",
          "file": "",
          "beforeHooks": [],
          "afterHooks": [],
          "tests": [
            {
              "title": "should be able to add new todo",
              "fullTitle": "Add Todo should be able to add new todo",
              "timedOut": null,
              "duration": 970,
              "state": "passed",
              "speed": "slow",
              "pass": true,
              "fail": false,
              "pending": false,
              "context": null,
              "code": "var firstTodo = 'Writing a blog';\nvar secondTodo = 'Running';\ncy.get('[data-at=\"new-todo\"]').type(\"\".concat(firstTodo, \"{enter}\")).type(\"\".concat(secondTodo, \"{enter}\"));\ncy.get('[data-at=\"todoText\"]').eq(0).should('contain', firstTodo);\ncy.get('[data-at=\"todoText\"]').eq(1).should('contain', secondTodo);\ncy.get('[data-at=\"removeTodoBtn\"]').should('have.length', 2);",
              "err": {},
              "uuid": "75c55440-750c-4ee6-8ad9-f4e291fe82b6",
              "parentUUID": "1de2d8ba-0f6e-43d6-8815-8ca40266a619",
              "isHook": false,
              "skipped": false
            },
            {
              "title": "should be able to delete todo",
              "fullTitle": "Add Todo should be able to delete todo",
              "timedOut": null,
              "duration": 554,
              "state": "passed",
              "speed": "slow",
              "pass": true,
              "fail": false,
              "pending": false,
              "context": null,
              "code": "var todoText = 'To be deleleted';\ncy.get('[data-at=\"new-todo\"]').type(\"\".concat(todoText, \"{enter}\"));\ncy.get('[data-at=\"removeTodoBtn\"]').click();\ncy.get('[data-at=\"noTodo\"]').should('contain', 'No Anything Todo');",
              "err": {},
              "uuid": "170e427e-8ead-446f-a865-5d35b9cd3ecb",
              "parentUUID": "1de2d8ba-0f6e-43d6-8815-8ca40266a619",
              "isHook": false,
              "skipped": false
            },
            {
              "title": "should be always failed",
              "fullTitle": "Add Todo should be always failed",
              "timedOut": null,
              "duration": 4560,
              "state": "failed",
              "speed": null,
              "pass": false,
              "fail": true,
              "pending": false,
              "context": "\"/Users/user/workspace/cypress-e2e-code-coverage/cypress/screenshots/add_delete_todos.spec.js/Add Todo -- should be always failed (failed).png\"",
              "code": "var firstTodo = 'Writing a blog';\ncy.get('[data-at=\"new-todo\"]').type(\"\".concat(firstTodo, \"{enter}\"));\ncy.get('[data-at=\"todoText\"]').eq(0).should('contain', \"\".concat(firstTodo, \"s\"));",
              "err": {
                "message": "CypressError: Timed out retrying: expected '<span.todoText>' to contain 'Writing a blogs'",
                "estack": "CypressError: Timed out retrying: expected '<span.todoText>' to contain 'Writing a blogs'\n    at Object.cypressErr (http://localhost:8080/__cypress/runner/cypress_runner.js:84963:11)\n    at Object.throwErr (http://localhost:8080/__cypress/runner/cypress_runner.js:84916:18)\n    at Object.throwErrByPath (http://localhost:8080/__cypress/runner/cypress_runner.js:84947:17)\n    at retry (http://localhost:8080/__cypress/runner/cypress_runner.js:77960:16)\n    at http://localhost:8080/__cypress/runner/cypress_runner.js:69765:18\n    at tryCatcher (http://localhost:8080/__cypress/runner/cypress_runner.js:134216:23)\n    at Promise._settlePromiseFromHandler (http://localhost:8080/__cypress/runner/cypress_runner.js:132234:31)\n    at Promise._settlePromise (http://localhost:8080/__cypress/runner/cypress_runner.js:132291:18)\n    at Promise._settlePromise0 (http://localhost:8080/__cypress/runner/cypress_runner.js:132336:10)\n    at Promise._settlePromises (http://localhost:8080/__cypress/runner/cypress_runner.js:132411:18)\n    at Async._drainQueue (http://localhost:8080/__cypress/runner/cypress_runner.js:129140:16)\n    at Async._drainQueues (http://localhost:8080/__cypress/runner/cypress_runner.js:129150:10)\n    at Async.drainQueues (http://localhost:8080/__cypress/runner/cypress_runner.js:129024:14)",
                "diff": null
              },
              "uuid": "09dc1a85-7647-4d9d-a7fb-04d6ec3c4ed0",
              "parentUUID": "1de2d8ba-0f6e-43d6-8815-8ca40266a619",
              "isHook": false,
              "skipped": false
            }
          ],
          "suites": [],
          "passes": [
            "75c55440-750c-4ee6-8ad9-f4e291fe82b6",
            "170e427e-8ead-446f-a865-5d35b9cd3ecb"
          ],
          "failures": [
            "09dc1a85-7647-4d9d-a7fb-04d6ec3c4ed0"
          ],
          "pending": [],
          "skipped": [],
          "duration": 6084,
          "root": false,
          "rootEmpty": false,
          "_timeout": 2000
        }
      ],
      "passes": [],
      "failures": [],
      "pending": [],
      "skipped": [],
      "duration": 0,
      "root": true,
      "rootEmpty": true,
      "_timeout": 2000
    }
  ],
  "meta": {
    "mocha": {
      "version": "5.2.0"
    },
    "mochawesome": {
      "options": {
        "quiet": false,
        "reportFilename": "mochawesome",
        "saveHtml": false,
        "saveJson": true,
        "useInlineDiffs": false
      },
      "version": "4.0.1"
    },
    "marge": {
      "options": {
        "reportDir": "cypress/report/mochawesome-report",
        "overwrite": false,
        "html": false,
        "json": true,
        "timestamp": "mmddyyyy_HHMMss"
      },
      "version": "4.0.1"
    }
  }
}